<?xml version="1.0" encoding="UTF-8"?>
<testsuite name="ru.mirea.platform.PlatformApplicationTests" tests="1" skipped="0" failures="0" errors="0" timestamp="2024-05-14T07:59:28" hostname="GEN-X" time="0.708">
  <properties/>
  <testcase name="contextLoads()" classname="ru.mirea.platform.PlatformApplicationTests" time="0.708"/>
  <system-out><![CDATA[10:59:15.536 [Test worker] INFO org.springframework.test.context.support.AnnotationConfigContextLoaderUtils -- Could not detect default configuration classes for test class [ru.mirea.platform.PlatformApplicationTests]: PlatformApplicationTests does not declare any static, non-private, non-final, nested classes annotated with @Configuration.
10:59:15.749 [Test worker] INFO org.springframework.boot.test.context.SpringBootTestContextBootstrapper -- Found @SpringBootConfiguration ru.mirea.platform.PlatformApplication for test class ru.mirea.platform.PlatformApplicationTests

  .   ____          _            __ _ _
 /\\ / ___'_ __ _ _(_)_ __  __ _ \ \ \ \
( ( )\___ | '_ | '_| | '_ \/ _` | \ \ \ \
 \\/  ___)| |_)| | | | | || (_| |  ) ) ) )
  '  |____| .__|_| |_|_| |_\__, | / / / /
 =========|_|==============|___/=/_/_/_/
 :: Spring Boot ::                (v3.2.5)

2024-05-14T10:59:16.529+03:00  WARN 5744 --- [platform] [    Test worker] ory$DuplicateJsonObjectContextCustomizer : 

Found multiple occurrences of org.json.JSONObject on the class path:

	jar:file:/C:/Users/mirx/.gradle/caches/modules-2/files-2.1/org.json/json/20090211/c183aa3a2a6250293808bba12262c8920ce5a51c/json-20090211.jar!/org/json/JSONObject.class
	jar:file:/C:/Users/mirx/.gradle/caches/modules-2/files-2.1/com.vaadin.external.google/android-json/0.0.20131108.vaadin1/fa26d351fe62a6a17f5cda1287c1c6110dec413f/android-json-0.0.20131108.vaadin1.jar!/org/json/JSONObject.class

You may wish to exclude one of them to ensure predictable runtime behavior

2024-05-14T10:59:16.567+03:00  INFO 5744 --- [platform] [    Test worker] r.m.platform.PlatformApplicationTests    : Starting PlatformApplicationTests using Java 21.0.3 with PID 5744 (started by mirx in C:\Users\mirx\Desktop\server\serverJavaCourse)
2024-05-14T10:59:16.569+03:00  INFO 5744 --- [platform] [    Test worker] r.m.platform.PlatformApplicationTests    : No active profile set, falling back to 1 default profile: "default"
2024-05-14T10:59:18.060+03:00  INFO 5744 --- [platform] [    Test worker] .s.d.r.c.RepositoryConfigurationDelegate : Bootstrapping Spring Data JPA repositories in DEFAULT mode.
2024-05-14T10:59:18.153+03:00  INFO 5744 --- [platform] [    Test worker] .s.d.r.c.RepositoryConfigurationDelegate : Finished Spring Data repository scanning in 80 ms. Found 2 JPA repository interfaces.
2024-05-14T10:59:19.124+03:00  INFO 5744 --- [platform] [    Test worker] o.hibernate.jpa.internal.util.LogHelper  : HHH000204: Processing PersistenceUnitInfo [name: default]
2024-05-14T10:59:19.295+03:00  INFO 5744 --- [platform] [    Test worker] org.hibernate.Version                    : HHH000412: Hibernate ORM core version 6.4.4.Final
2024-05-14T10:59:19.359+03:00  INFO 5744 --- [platform] [    Test worker] o.h.c.internal.RegionFactoryInitiator    : HHH000026: Second-level cache disabled
2024-05-14T10:59:19.670+03:00  INFO 5744 --- [platform] [    Test worker] o.s.o.j.p.SpringPersistenceUnitInfo      : No LoadTimeWeaver setup: ignoring JPA class transformer
2024-05-14T10:59:19.710+03:00  INFO 5744 --- [platform] [    Test worker] com.zaxxer.hikari.HikariDataSource       : HikariPool-1 - Starting...
2024-05-14T10:59:22.199+03:00  INFO 5744 --- [platform] [    Test worker] com.zaxxer.hikari.pool.HikariPool        : HikariPool-1 - Added connection org.postgresql.jdbc.PgConnection@59f3426f
2024-05-14T10:59:22.200+03:00  INFO 5744 --- [platform] [    Test worker] com.zaxxer.hikari.HikariDataSource       : HikariPool-1 - Start completed.
2024-05-14T10:59:22.416+03:00  WARN 5744 --- [platform] [    Test worker] org.hibernate.orm.deprecation            : HHH90000025: PostgreSQLDialect does not need to be specified explicitly using 'hibernate.dialect' (remove the property setting and it will be selected by default)
2024-05-14T10:59:23.980+03:00  INFO 5744 --- [platform] [    Test worker] o.h.e.t.j.p.i.JtaPlatformInitiator       : HHH000489: No JTA platform available (set 'hibernate.transaction.jta.platform' to enable JTA platform integration)
2024-05-14T10:59:25.699+03:00  INFO 5744 --- [platform] [    Test worker] j.LocalContainerEntityManagerFactoryBean : Initialized JPA EntityManagerFactory for persistence unit 'default'
2024-05-14T10:59:26.423+03:00  WARN 5744 --- [platform] [    Test worker] JpaBaseConfiguration$JpaWebConfiguration : spring.jpa.open-in-view is enabled by default. Therefore, database queries may be performed during view rendering. Explicitly configure spring.jpa.open-in-view to disable this warning
2024-05-14T10:59:27.274+03:00  INFO 5744 --- [platform] [    Test worker] o.s.s.web.DefaultSecurityFilterChain     : Will secure any request with [org.springframework.security.web.session.DisableEncodeUrlFilter@7e305953, org.springframework.security.web.context.request.async.WebAsyncManagerIntegrationFilter@59d7d574, org.springframework.security.web.context.SecurityContextHolderFilter@7e44f989, org.springframework.security.web.header.HeaderWriterFilter@34dda1b4, org.springframework.web.filter.CorsFilter@94b5fe3, org.springframework.security.web.authentication.logout.LogoutFilter@6f5f892c, ru.mirea.platform.config.TokenFilter@5c7d675c, org.springframework.security.web.savedrequest.RequestCacheAwareFilter@542c6165, org.springframework.security.web.servletapi.SecurityContextHolderAwareRequestFilter@539f2fec, org.springframework.security.web.authentication.AnonymousAuthenticationFilter@4417755b, org.springframework.security.web.session.SessionManagementFilter@393d4e34, org.springframework.security.web.access.ExceptionTranslationFilter@397f9672, org.springframework.security.web.access.intercept.AuthorizationFilter@69d9d322]
2024-05-14T10:59:28.130+03:00  INFO 5744 --- [platform] [    Test worker] r.m.platform.PlatformApplicationTests    : Started PlatformApplicationTests in 12.062 seconds (process running for 14.568)
]]></system-out>
  <system-err><![CDATA[WARNING: A Java agent has been loaded dynamically (C:\Users\mirx\.gradle\caches\modules-2\files-2.1\net.bytebuddy\byte-buddy-agent\1.14.13\979ce25f7d3096a2e82214ba7dc972a05ce7a171\byte-buddy-agent-1.14.13.jar)
WARNING: If a serviceability tool is in use, please run with -XX:+EnableDynamicAgentLoading to hide this warning
WARNING: If a serviceability tool is not in use, please run with -Djdk.instrument.traceUsage for more information
WARNING: Dynamic loading of agents will be disallowed by default in a future release
]]></system-err>
</testsuite>
